TN:
SF:src/infrastructure/providers/bcrypt.hashing-provider.ts
FN:5,<instance_members_initializer>
FN:7,hash
FN:11,compare
FNF:3
FNH:3
FNDA:1,<instance_members_initializer>
FNDA:3,hash
FNDA:2,compare
DA:1,1
DA:2,1
DA:3,1
DA:4,1
DA:5,1
DA:6,1
DA:7,1
DA:8,3
DA:9,3
DA:10,1
DA:11,1
DA:12,2
DA:13,2
DA:14,1
LF:14
LH:14
BRDA:5,0,0,1
BRDA:7,1,0,3
BRDA:11,2,0,2
BRF:3
BRH:3
end_of_record
TN:
SF:src/infrastructure/providers/jwt.auth-provider.ts
FN:5,sign
FNF:1
FNH:1
FNDA:2,sign
DA:1,1
DA:2,1
DA:3,1
DA:4,1
DA:5,1
DA:6,2
DA:7,2
DA:8,2
DA:9,2
DA:10,2
DA:11,2
DA:12,1
LF:12
LH:12
BRDA:5,0,0,2
BRF:1
BRH:1
end_of_record
TN:
SF:src/infrastructure/providers/supabase.storage-provider.ts
FN:16,<instance_members_initializer>
FN:16,SupabaseStorageProvider
FN:18,upload
FNF:3
FNH:3
FNDA:2,<instance_members_initializer>
FNDA:2,SupabaseStorageProvider
FNDA:2,upload
DA:1,1
DA:2,1
DA:3,1
DA:4,1
DA:5,1
DA:6,1
DA:7,1
DA:8,1
DA:9,1
DA:10,1
DA:11,1
DA:12,1
DA:13,1
DA:14,1
DA:15,1
DA:16,1
DA:17,1
DA:18,1
DA:19,2
DA:20,2
DA:21,2
DA:22,2
DA:23,2
DA:24,2
DA:25,2
DA:26,1
DA:27,1
DA:28,1
DA:29,1
DA:30,1
DA:31,1
DA:32,1
DA:33,1
DA:34,1
DA:35,1
DA:36,1
DA:37,1
DA:38,1
LF:38
LH:38
BRDA:16,0,0,2
BRDA:16,1,0,2
BRDA:18,2,0,2
BRDA:25,3,0,1
BRDA:25,4,0,1
BRDA:26,5,0,0
BRF:6
BRH:5
end_of_record
